# JRE version: OpenJDK Runtime Environment (11.0.8+10) (build 11.0.8+10-b944.6842174)
# Java VM: OpenJDK 64-Bit Server VM (11.0.8+10-b944.6842174, mixed mode, tiered, compressed oops, g1 gc, windows-amd64)
Heap:
 garbage-first heap   total 307200K, used 234837K [0x0000000080000000, 0x0000000100000000)
  region size 1024K, 120 young (122880K), 1 survivors (1024K)
 Metaspace       used 113322K, capacity 116081K, committed 116304K, reserved 1150976K
  class space    used 13715K, capacity 14703K, committed 14848K, reserved 1048576K
GC Heap History (20 events):
Event: 4498.487 GC heap before
{Heap before GC invocations=86 (full 0):
 garbage-first heap   total 307200K, used 185415K [0x0000000080000000, 0x0000000100000000)
  region size 1024K, 57 young (58368K), 1 survivors (1024K)
 Metaspace       used 102942K, capacity 105523K, committed 105936K, reserved 1140736K
  class space    used 12669K, capacity 13607K, committed 13952K, reserved 1048576K
}
Event: 4498.496 GC heap after
{Heap after GC invocations=87 (full 0):
 garbage-first heap   total 307200K, used 132605K [0x0000000080000000, 0x0000000100000000)
  region size 1024K, 4 young (4096K), 4 survivors (4096K)
 Metaspace       used 102942K, capacity 105523K, committed 105936K, reserved 1140736K
  class space    used 12669K, capacity 13607K, committed 13952K, reserved 1048576K
}
Event: 4499.502 GC heap before
{Heap before GC invocations=88 (full 0):
 garbage-first heap   total 307200K, used 170493K [0x0000000080000000, 0x0000000100000000)
  region size 1024K, 70 young (71680K), 4 survivors (4096K)
 Metaspace       used 109273K, capacity 111830K, committed 112208K, reserved 1146880K
  class space    used 13443K, capacity 14388K, committed 14592K, reserved 1048576K
}
Event: 4499.521 GC heap after
{Heap after GC invocations=89 (full 0):
 garbage-first heap   total 307200K, used 114583K [0x0000000080000000, 0x0000000100000000)
  region size 1024K, 9 young (9216K), 9 survivors (9216K)
 Metaspace       used 109273K, capacity 111830K, committed 112208K, reserved 1146880K
  class space    used 13443K, capacity 14388K, committed 14592K, reserved 1048576K
}
Event: 4499.606 GC heap before
{Heap before GC invocations=89 (full 0):
 garbage-first heap   total 307200K, used 122775K [0x0000000080000000, 0x0000000100000000)
  region size 1024K, 15 young (15360K), 9 survivors (9216K)
 Metaspace       used 109576K, capacity 112200K, committed 112464K, reserved 1146880K
  class space    used 13474K, capacity 14426K, committed 14592K, reserved 1048576K
}
Event: 4499.620 GC heap after
{Heap after GC invocations=90 (full 0):
 garbage-first heap   total 307200K, used 107417K [0x0000000080000000, 0x0000000100000000)
  region size 1024K, 2 young (2048K), 2 survivors (2048K)
 Metaspace       used 109576K, capacity 112200K, committed 112464K, reserved 1146880K
  class space    used 13474K, capacity 14426K, committed 14592K, reserved 1048576K
}
Event: 4500.077 GC heap before
{Heap before GC invocations=90 (full 0):
 garbage-first heap   total 307200K, used 120729K [0x0000000080000000, 0x0000000100000000)
  region size 1024K, 15 young (15360K), 2 survivors (2048K)
 Metaspace       used 110109K, capacity 112756K, committed 113104K, reserved 1148928K
  class space    used 13519K, capacity 14482K, committed 14720K, reserved 1048576K
}
Event: 4500.090 GC heap after
{Heap after GC invocations=91 (full 0):
 garbage-first heap   total 307200K, used 99607K [0x0000000080000000, 0x0000000100000000)
  region size 1024K, 2 young (2048K), 2 survivors (2048K)
 Metaspace       used 110109K, capacity 112756K, committed 113104K, reserved 1148928K
  class space    used 13519K, capacity 14482K, committed 14720K, reserved 1048576K
}
Event: 4501.030 GC heap before
{Heap before GC invocations=91 (full 0):
 garbage-first heap   total 307200K, used 208151K [0x0000000080000000, 0x0000000100000000)
  region size 1024K, 108 young (110592K), 2 survivors (2048K)
 Metaspace       used 112683K, capacity 115334K, committed 115536K, reserved 1150976K
  class space    used 13707K, capacity 14709K, committed 14848K, reserved 1048576K
}
Event: 4501.040 GC heap after
{Heap after GC invocations=92 (full 0):
 garbage-first heap   total 307200K, used 106125K [0x0000000080000000, 0x0000000100000000)
  region size 1024K, 9 young (9216K), 9 survivors (9216K)
 Metaspace       used 112683K, capacity 115334K, committed 115536K, reserved 1150976K
  class space    used 13707K, capacity 14709K, committed 14848K, reserved 1048576K
}
Event: 4501.539 GC heap before
{Heap before GC invocations=93 (full 0):
 garbage-first heap   total 307200K, used 215693K [0x0000000080000000, 0x0000000100000000)
  region size 1024K, 116 young (118784K), 9 survivors (9216K)
 Metaspace       used 112971K, capacity 115603K, committed 116048K, reserved 1150976K
  class space    used 13696K, capacity 14687K, committed 14848K, reserved 1048576K
}
Event: 4501.552 GC heap after
{Heap after GC invocations=94 (full 0):
 garbage-first heap   total 307200K, used 108518K [0x0000000080000000, 0x0000000100000000)
  region size 1024K, 9 young (9216K), 9 survivors (9216K)
 Metaspace       used 112971K, capacity 115603K, committed 116048K, reserved 1150976K
  class space    used 13696K, capacity 14687K, committed 14848K, reserved 1048576K
}
Event: 4501.571 GC heap before
{Heap before GC invocations=94 (full 0):
 garbage-first heap   total 307200K, used 114662K [0x0000000080000000, 0x0000000100000000)
  region size 1024K, 15 young (15360K), 9 survivors (9216K)
 Metaspace       used 112975K, capacity 115603K, committed 116048K, reserved 1150976K
  class space    used 13696K, capacity 14687K, committed 14848K, reserved 1048576K
}
Event: 4501.579 GC heap after
{Heap after GC invocations=95 (full 0):
 garbage-first heap   total 307200K, used 107327K [0x0000000080000000, 0x0000000100000000)
  region size 1024K, 2 young (2048K), 2 survivors (2048K)
 Metaspace       used 112975K, capacity 115603K, committed 116048K, reserved 1150976K
  class space    used 13696K, capacity 14687K, committed 14848K, reserved 1048576K
}
Event: 4501.999 GC heap before
{Heap before GC invocations=95 (full 0):
 garbage-first heap   total 307200K, used 224063K [0x0000000080000000, 0x0000000100000000)
  region size 1024K, 116 young (118784K), 2 survivors (2048K)
 Metaspace       used 113221K, capacity 115883K, committed 116304K, reserved 1150976K
  class space    used 13709K, capacity 14692K, committed 14848K, reserved 1048576K
}
Event: 4502.008 GC heap after
{Heap after GC invocations=96 (full 0):
 garbage-first heap   total 307200K, used 108992K [0x0000000080000000, 0x0000000100000000)
  region size 1024K, 4 young (4096K), 4 survivors (4096K)
 Metaspace       used 113221K, capacity 115883K, committed 116304K, reserved 1150976K
  class space    used 13709K, capacity 14692K, committed 14848K, reserved 1048576K
}
Event: 4502.474 GC heap before
{Heap before GC invocations=97 (full 0):
 garbage-first heap   total 307200K, used 232896K [0x0000000080000000, 0x0000000100000000)
  region size 1024K, 122 young (124928K), 4 survivors (4096K)
 Metaspace       used 113305K, capacity 116016K, committed 116304K, reserved 1150976K
  class space    used 13715K, capacity 14703K, committed 14848K, reserved 1048576K
}
Event: 4502.489 GC heap after
{Heap after GC invocations=98 (full 0):
 garbage-first heap   total 307200K, used 117101K [0x0000000080000000, 0x0000000100000000)
  region size 1024K, 11 young (11264K), 11 survivors (11264K)
 Metaspace       used 113305K, capacity 116016K, committed 116304K, reserved 1150976K
  class space    used 13715K, capacity 14703K, committed 14848K, reserved 1048576K
}
Event: 4502.497 GC heap before
{Heap before GC invocations=98 (full 0):
 garbage-first heap   total 307200K, used 122221K [0x0000000080000000, 0x0000000100000000)
  region size 1024K, 15 young (15360K), 11 survivors (11264K)
 Metaspace       used 113307K, capacity 116016K, committed 116304K, reserved 1150976K
  class space    used 13715K, capacity 14703K, committed 14848K, reserved 1048576K
}
Event: 4502.535 GC heap after
{Heap after GC invocations=99 (full 0):
 garbage-first heap   total 307200K, used 112981K [0x0000000080000000, 0x0000000100000000)
  region size 1024K, 2 young (2048K), 2 survivors (2048K)
 Metaspace       used 113307K, capacity 116016K, committed 116304K, reserved 1150976K
  class space    used 13715K, capacity 14703K, committed 14848K, reserved 1048576K
}

