# JRE version: Java(TM) SE Runtime Environment (8.0_271-b09) (build 1.8.0_271-b09)
# Java VM: Java HotSpot(TM) 64-Bit Server VM (25.271-b09 mixed mode windows-amd64 compressed oops)
Heap:
 PSYoungGen      total 587264K, used 87500K [0x00000000d5580000, 0x0000000100000000, 0x0000000100000000)
  eden space 475648K, 17% used [0x00000000d5580000,0x00000000da614f18,0x00000000f2600000)
  from space 111616K, 4% used [0x00000000f2600000,0x00000000f2ade1c8,0x00000000f9300000)
  to   space 111616K, 0% used [0x00000000f9300000,0x00000000f9300000,0x0000000100000000)
 ParOldGen       total 366592K, used 211091K [0x0000000080000000, 0x0000000096600000, 0x00000000d5580000)
  object space 366592K, 57% used [0x0000000080000000,0x000000008ce24df8,0x0000000096600000)
 Metaspace       used 128147K, capacity 135528K, committed 135680K, reserved 1167360K
  class space    used 16212K, capacity 17530K, committed 17664K, reserved 1048576K
GC Heap History (10 events):
Event: 5012.786 GC heap before
{Heap before GC invocations=35 (full 5):
 PSYoungGen      total 609280K, used 559765K [0x00000000d5580000, 0x0000000100000000, 0x0000000100000000)
  eden space 519680K, 100% used [0x00000000d5580000,0x00000000f5100000,0x00000000f5100000)
  from space 89600K, 44% used [0x00000000f5100000,0x00000000f7825610,0x00000000fa880000)
  to   space 86016K, 0% used [0x00000000fac00000,0x00000000fac00000,0x0000000100000000)
 ParOldGen       total 271872K, used 188368K [0x0000000080000000, 0x0000000090980000, 0x00000000d5580000)
  object space 271872K, 69% used [0x0000000080000000,0x000000008b7f4078,0x0000000090980000)
 Metaspace       used 127831K, capacity 135130K, committed 135424K, reserved 1167360K
  class space    used 16216K, capacity 17539K, committed 17664K, reserved 1048576K
Event: 5014.696 GC heap after
Heap after GC invocations=35 (full 5):
 PSYoungGen      total 582144K, used 86013K [0x00000000d5580000, 0x0000000100000000, 0x0000000100000000)
  eden space 496128K, 0% used [0x00000000d5580000,0x00000000d5580000,0x00000000f3a00000)
  from space 86016K, 99% used [0x00000000fac00000,0x00000000fffff778,0x0000000100000000)
  to   space 101376K, 0% used [0x00000000f3a00000,0x00000000f3a00000,0x00000000f9d00000)
 ParOldGen       total 271872K, used 191994K [0x0000000080000000, 0x0000000090980000, 0x00000000d5580000)
  object space 271872K, 70% used [0x0000000080000000,0x000000008bb7ea50,0x0000000090980000)
 Metaspace       used 127831K, capacity 135130K, committed 135424K, reserved 1167360K
  class space    used 16216K, capacity 17539K, committed 17664K, reserved 1048576K
}
Event: 5020.175 GC heap before
{Heap before GC invocations=36 (full 5):
 PSYoungGen      total 582144K, used 579199K [0x00000000d5580000, 0x0000000100000000, 0x0000000100000000)
  eden space 496128K, 99% used [0x00000000d5580000,0x00000000f37205e8,0x00000000f3a00000)
  from space 86016K, 99% used [0x00000000fac00000,0x00000000fffff778,0x0000000100000000)
  to   space 101376K, 0% used [0x00000000f3a00000,0x00000000f3a00000,0x00000000f9d00000)
 ParOldGen       total 271872K, used 191994K [0x0000000080000000, 0x0000000090980000, 0x00000000d5580000)
  object space 271872K, 70% used [0x0000000080000000,0x000000008bb7ea50,0x0000000090980000)
 Metaspace       used 127881K, capacity 135130K, committed 135424K, reserved 1167360K
  class space    used 16216K, capacity 17539K, committed 17664K, reserved 1048576K
Event: 5021.164 GC heap after
Heap after GC invocations=36 (full 5):
 PSYoungGen      total 593408K, used 96986K [0x00000000d5580000, 0x0000000100000000, 0x0000000100000000)
  eden space 496128K, 0% used [0x00000000d5580000,0x00000000d5580000,0x00000000f3a00000)
  from space 97280K, 99% used [0x00000000f3a00000,0x00000000f98b68c8,0x00000000f9900000)
  to   space 105472K, 0% used [0x00000000f9900000,0x00000000f9900000,0x0000000100000000)
 ParOldGen       total 271872K, used 231586K [0x0000000080000000, 0x0000000090980000, 0x00000000d5580000)
  object space 271872K, 85% used [0x0000000080000000,0x000000008e228898,0x0000000090980000)
 Metaspace       used 127881K, capacity 135130K, committed 135424K, reserved 1167360K
  class space    used 16216K, capacity 17539K, committed 17664K, reserved 1048576K
}
Event: 5021.165 GC heap before
{Heap before GC invocations=37 (full 6):
 PSYoungGen      total 593408K, used 96986K [0x00000000d5580000, 0x0000000100000000, 0x0000000100000000)
  eden space 496128K, 0% used [0x00000000d5580000,0x00000000d5580000,0x00000000f3a00000)
  from space 97280K, 99% used [0x00000000f3a00000,0x00000000f98b68c8,0x00000000f9900000)
  to   space 105472K, 0% used [0x00000000f9900000,0x00000000f9900000,0x0000000100000000)
 ParOldGen       total 271872K, used 231586K [0x0000000080000000, 0x0000000090980000, 0x00000000d5580000)
  object space 271872K, 85% used [0x0000000080000000,0x000000008e228898,0x0000000090980000)
 Metaspace       used 127881K, capacity 135130K, committed 135424K, reserved 1167360K
  class space    used 16216K, capacity 17539K, committed 17664K, reserved 1048576K
Event: 5023.780 GC heap after
Heap after GC invocations=37 (full 6):
 PSYoungGen      total 593408K, used 0K [0x00000000d5580000, 0x0000000100000000, 0x0000000100000000)
  eden space 496128K, 0% used [0x00000000d5580000,0x00000000d5580000,0x00000000f3a00000)
  from space 97280K, 0% used [0x00000000f3a00000,0x00000000f3a00000,0x00000000f9900000)
  to   space 105472K, 0% used [0x00000000f9900000,0x00000000f9900000,0x0000000100000000)
 ParOldGen       total 366592K, used 195950K [0x0000000080000000, 0x0000000096600000, 0x00000000d5580000)
  object space 366592K, 53% used [0x0000000080000000,0x000000008bf5b920,0x0000000096600000)
 Metaspace       used 127868K, capacity 135104K, committed 135424K, reserved 1167360K
  class space    used 16211K, capacity 17530K, committed 17664K, reserved 1048576K
}
Event: 5027.126 GC heap before
{Heap before GC invocations=38 (full 6):
 PSYoungGen      total 593408K, used 496128K [0x00000000d5580000, 0x0000000100000000, 0x0000000100000000)
  eden space 496128K, 100% used [0x00000000d5580000,0x00000000f3a00000,0x00000000f3a00000)
  from space 97280K, 0% used [0x00000000f3a00000,0x00000000f3a00000,0x00000000f9900000)
  to   space 105472K, 0% used [0x00000000f9900000,0x00000000f9900000,0x0000000100000000)
 ParOldGen       total 366592K, used 195950K [0x0000000080000000, 0x0000000096600000, 0x00000000d5580000)
  object space 366592K, 53% used [0x0000000080000000,0x000000008bf5b920,0x0000000096600000)
 Metaspace       used 128003K, capacity 135368K, committed 135680K, reserved 1167360K
  class space    used 16212K, capacity 17530K, committed 17664K, reserved 1048576K
Event: 5027.224 GC heap after
Heap after GC invocations=38 (full 6):
 PSYoungGen      total 581120K, used 33038K [0x00000000d5580000, 0x0000000100000000, 0x0000000100000000)
  eden space 475648K, 0% used [0x00000000d5580000,0x00000000d5580000,0x00000000f2600000)
  from space 105472K, 31% used [0x00000000f9900000,0x00000000fb943be0,0x0000000100000000)
  to   space 111616K, 0% used [0x00000000f2600000,0x00000000f2600000,0x00000000f9300000)
 ParOldGen       total 366592K, used 195958K [0x0000000080000000, 0x0000000096600000, 0x00000000d5580000)
  object space 366592K, 53% used [0x0000000080000000,0x000000008bf5d920,0x0000000096600000)
 Metaspace       used 128003K, capacity 135368K, committed 135680K, reserved 1167360K
  class space    used 16212K, capacity 17530K, committed 17664K, reserved 1048576K
}
Event: 5027.800 GC heap before
{Heap before GC invocations=39 (full 6):
 PSYoungGen      total 581120K, used 508686K [0x00000000d5580000, 0x0000000100000000, 0x0000000100000000)
  eden space 475648K, 100% used [0x00000000d5580000,0x00000000f2600000,0x00000000f2600000)
  from space 105472K, 31% used [0x00000000f9900000,0x00000000fb943be0,0x0000000100000000)
  to   space 111616K, 0% used [0x00000000f2600000,0x00000000f2600000,0x00000000f9300000)
 ParOldGen       total 366592K, used 195958K [0x0000000080000000, 0x0000000096600000, 0x00000000d5580000)
  object space 366592K, 53% used [0x0000000080000000,0x000000008bf5d920,0x0000000096600000)
 Metaspace       used 128134K, capacity 135520K, committed 135680K, reserved 1167360K
  class space    used 16212K, capacity 17530K, committed 17664K, reserved 1048576K
Event: 5027.811 GC heap after
Heap after GC invocations=39 (full 6):
 PSYoungGen      total 587264K, used 4984K [0x00000000d5580000, 0x0000000100000000, 0x0000000100000000)
  eden space 475648K, 0% used [0x00000000d5580000,0x00000000d5580000,0x00000000f2600000)
  from space 111616K, 4% used [0x00000000f2600000,0x00000000f2ade1c8,0x00000000f9300000)
  to   space 111616K, 0% used [0x00000000f9300000,0x00000000f9300000,0x0000000100000000)
 ParOldGen       total 366592K, used 211091K [0x0000000080000000, 0x0000000096600000, 0x00000000d5580000)
  object space 366592K, 57% used [0x0000000080000000,0x000000008ce24df8,0x0000000096600000)
 Metaspace       used 128134K, capacity 135520K, committed 135680K, reserved 1167360K
  class space    used 16212K, capacity 17530K, committed 17664K, reserved 1048576K
}

