# JRE version: OpenJDK Runtime Environment (11.0.8+10) (build 11.0.8+10-b944.6842174)
# Java VM: OpenJDK 64-Bit Server VM (11.0.8+10-b944.6842174, mixed mode, tiered, compressed oops, g1 gc, windows-amd64)
Heap:
 garbage-first heap   total 407552K, used 122587K [0x0000000080000000, 0x0000000100000000)
  region size 1024K, 4 young (4096K), 4 survivors (4096K)
 Metaspace       used 104072K, capacity 107362K, committed 107472K, reserved 1142784K
  class space    used 13434K, capacity 14678K, committed 14720K, reserved 1048576K
GC Heap History (20 events):
Event: 16.802 GC heap after
{Heap after GC invocations=37 (full 0):
 garbage-first heap   total 210944K, used 100705K [0x0000000080000000, 0x0000000100000000)
  region size 1024K, 3 young (3072K), 3 survivors (3072K)
 Metaspace       used 91101K, capacity 93261K, committed 93520K, reserved 1130496K
  class space    used 11499K, capacity 12260K, committed 12288K, reserved 1048576K
}
Event: 17.167 GC heap before
{Heap before GC invocations=38 (full 0):
 garbage-first heap   total 210944K, used 154977K [0x0000000080000000, 0x0000000100000000)
  region size 1024K, 56 young (57344K), 3 survivors (3072K)
 Metaspace       used 91221K, capacity 93397K, committed 93520K, reserved 1130496K
  class space    used 11499K, capacity 12260K, committed 12288K, reserved 1048576K
}
Event: 17.173 GC heap after
{Heap after GC invocations=39 (full 0):
 garbage-first heap   total 210944K, used 101538K [0x0000000080000000, 0x0000000100000000)
  region size 1024K, 4 young (4096K), 4 survivors (4096K)
 Metaspace       used 91221K, capacity 93397K, committed 93520K, reserved 1130496K
  class space    used 11499K, capacity 12260K, committed 12288K, reserved 1048576K
}
Event: 17.394 GC heap before
{Heap before GC invocations=39 (full 0):
 garbage-first heap   total 210944K, used 158882K [0x0000000080000000, 0x0000000100000000)
  region size 1024K, 60 young (61440K), 4 survivors (4096K)
 Metaspace       used 91292K, capacity 93468K, committed 93520K, reserved 1130496K
  class space    used 11499K, capacity 12260K, committed 12288K, reserved 1048576K
}
Event: 17.407 GC heap after
{Heap after GC invocations=40 (full 0):
 garbage-first heap   total 210944K, used 102834K [0x0000000080000000, 0x0000000100000000)
  region size 1024K, 5 young (5120K), 5 survivors (5120K)
 Metaspace       used 91292K, capacity 93468K, committed 93520K, reserved 1130496K
  class space    used 11499K, capacity 12260K, committed 12288K, reserved 1048576K
}
Event: 17.688 GC heap before
{Heap before GC invocations=41 (full 0):
 garbage-first heap   total 210944K, used 162226K [0x0000000080000000, 0x0000000100000000)
  region size 1024K, 63 young (64512K), 5 survivors (5120K)
 Metaspace       used 91412K, capacity 93535K, committed 93776K, reserved 1130496K
  class space    used 11502K, capacity 12261K, committed 12288K, reserved 1048576K
}
Event: 17.695 GC heap after
{Heap after GC invocations=42 (full 0):
 garbage-first heap   total 210944K, used 104541K [0x0000000080000000, 0x0000000100000000)
  region size 1024K, 5 young (5120K), 5 survivors (5120K)
 Metaspace       used 91412K, capacity 93535K, committed 93776K, reserved 1130496K
  class space    used 11502K, capacity 12261K, committed 12288K, reserved 1048576K
}
Event: 17.991 GC heap before
{Heap before GC invocations=42 (full 0):
 garbage-first heap   total 210944K, used 163933K [0x0000000080000000, 0x0000000100000000)
  region size 1024K, 64 young (65536K), 5 survivors (5120K)
 Metaspace       used 91658K, capacity 93770K, committed 94032K, reserved 1130496K
  class space    used 11515K, capacity 12266K, committed 12288K, reserved 1048576K
}
Event: 17.998 GC heap after
{Heap after GC invocations=43 (full 0):
 garbage-first heap   total 210944K, used 107262K [0x0000000080000000, 0x0000000100000000)
  region size 1024K, 7 young (7168K), 7 survivors (7168K)
 Metaspace       used 91658K, capacity 93770K, committed 94032K, reserved 1130496K
  class space    used 11515K, capacity 12266K, committed 12288K, reserved 1048576K
}
Event: 18.402 GC heap before
{Heap before GC invocations=44 (full 0):
 garbage-first heap   total 210944K, used 169726K [0x0000000080000000, 0x0000000100000000)
  region size 1024K, 66 young (67584K), 7 survivors (7168K)
 Metaspace       used 95263K, capacity 97655K, committed 97744K, reserved 1134592K
  class space    used 12064K, capacity 12911K, committed 12928K, reserved 1048576K
}
Event: 18.411 GC heap after
{Heap after GC invocations=45 (full 0):
 garbage-first heap   total 210944K, used 111142K [0x0000000080000000, 0x0000000100000000)
  region size 1024K, 9 young (9216K), 9 survivors (9216K)
 Metaspace       used 95263K, capacity 97655K, committed 97744K, reserved 1134592K
  class space    used 12064K, capacity 12911K, committed 12928K, reserved 1048576K
}
Event: 18.414 GC heap before
{Heap before GC invocations=45 (full 0):
 garbage-first heap   total 210944K, used 112166K [0x0000000080000000, 0x0000000100000000)
  region size 1024K, 10 young (10240K), 9 survivors (9216K)
 Metaspace       used 95263K, capacity 97655K, committed 97744K, reserved 1134592K
  class space    used 12064K, capacity 12911K, committed 12928K, reserved 1048576K
}
Event: 18.430 GC heap after
{Heap after GC invocations=46 (full 0):
 garbage-first heap   total 253952K, used 107501K [0x0000000080000000, 0x0000000100000000)
  region size 1024K, 2 young (2048K), 2 survivors (2048K)
 Metaspace       used 95263K, capacity 97655K, committed 97744K, reserved 1134592K
  class space    used 12064K, capacity 12911K, committed 12928K, reserved 1048576K
}
Event: 18.861 GC heap before
{Heap before GC invocations=46 (full 0):
 garbage-first heap   total 253952K, used 186349K [0x0000000080000000, 0x0000000100000000)
  region size 1024K, 80 young (81920K), 2 survivors (2048K)
 Metaspace       used 101890K, capacity 104959K, committed 105168K, reserved 1140736K
  class space    used 13228K, capacity 14407K, committed 14464K, reserved 1048576K
}
Event: 18.891 GC heap after
{Heap after GC invocations=47 (full 0):
 garbage-first heap   total 253952K, used 119479K [0x0000000080000000, 0x0000000100000000)
  region size 1024K, 10 young (10240K), 10 survivors (10240K)
 Metaspace       used 101890K, capacity 104959K, committed 105168K, reserved 1140736K
  class space    used 13228K, capacity 14407K, committed 14464K, reserved 1048576K
}
Event: 19.235 GC heap before
{Heap before GC invocations=47 (full 0):
 garbage-first heap   total 253952K, used 192183K [0x0000000080000000, 0x0000000100000000)
  region size 1024K, 81 young (82944K), 10 survivors (10240K)
 Metaspace       used 103319K, capacity 106535K, committed 106704K, reserved 1140736K
  class space    used 13399K, capacity 14646K, committed 14720K, reserved 1048576K
}
Event: 19.265 GC heap after
{Heap after GC invocations=48 (full 0):
 garbage-first heap   total 253952K, used 121896K [0x0000000080000000, 0x0000000100000000)
  region size 1024K, 3 young (3072K), 3 survivors (3072K)
 Metaspace       used 103319K, capacity 106535K, committed 106704K, reserved 1140736K
  class space    used 13399K, capacity 14646K, committed 14720K, reserved 1048576K
}
Event: 19.554 GC heap before
{Heap before GC invocations=48 (full 0):
 garbage-first heap   total 253952K, used 195624K [0x0000000080000000, 0x0000000100000000)
  region size 1024K, 75 young (76800K), 3 survivors (3072K)
 Metaspace       used 103536K, capacity 106795K, committed 106960K, reserved 1142784K
  class space    used 13406K, capacity 14646K, committed 14720K, reserved 1048576K
}
Event: 19.563 GC heap after
{Heap after GC invocations=49 (full 0):
 garbage-first heap   total 253952K, used 121740K [0x0000000080000000, 0x0000000100000000)
  region size 1024K, 3 young (3072K), 3 survivors (3072K)
 Metaspace       used 103536K, capacity 106795K, committed 106960K, reserved 1142784K
  class space    used 13406K, capacity 14646K, committed 14720K, reserved 1048576K
}
Event: 19.965 GC heap before
{Heap before GC invocations=49 (full 0):
 garbage-first heap   total 253952K, used 198540K [0x0000000080000000, 0x0000000100000000)
  region size 1024K, 79 young (80896K), 3 survivors (3072K)
 Metaspace       used 104072K, capacity 107362K, committed 107472K, reserved 1142784K
  class space    used 13434K, capacity 14678K, committed 14720K, reserved 1048576K
}

